<?xml version="1.0" encoding="UTF-8"?>
<!-- Generated by org.testng.reporters.JUnitXMLReporter -->
<testsuite hostname="LAPTOP-T03VUTLP" ignored="0" name="Regression" tests="1" failures="0" timestamp="2022-03-01T15:30:55 IST" time="4.112" errors="0">
  <testcase name="@BeforeTest onSetup" time="4.033" classname="com.swaglab.script.Testbase">
    <failure type="org.openqa.selenium.SessionNotCreatedException" message="session not created: This version of ChromeDriver only supports Chrome version 96
Current browser version is 98.0.4758.102 with binary path C:\Program Files (x86)\Google\Chrome\Application\chrome.exe
Build info: version: &amp;apos;3.141.59&amp;apos;, revision: &amp;apos;e82be7d358&amp;apos;, time: &amp;apos;2018-11-14T08:17:03&amp;apos;
System info: host: &amp;apos;LAPTOP-T03VUTLP&amp;apos;, ip: &amp;apos;192.168.43.22&amp;apos;, os.name: &amp;apos;Windows 10&amp;apos;, os.arch: &amp;apos;amd64&amp;apos;, os.version: &amp;apos;10.0&amp;apos;, java.version: &amp;apos;1.8.0_271&amp;apos;
Driver info: driver.version: ChromeDriver
remote stacktrace: Backtrace:
	Ordinal0 [0x01156903+2517251]
	Ordinal0 [0x010EF8E1+2095329]
	Ordinal0 [0x00FF2848+1058888]
	Ordinal0 [0x01010B9D+1182621]
	Ordinal0 [0x0100CA60+1165920]
	Ordinal0 [0x0100A2CF+1155791]
	Ordinal0 [0x0103AAAF+1354415]
	Ordinal0 [0x0103A71A+1353498]
	Ordinal0 [0x0103639B+1336219]
	Ordinal0 [0x010127A7+1189799]
	Ordinal0 [0x01013609+1193481]
	GetHandleVerifier [0x012E5904+1577972]
	GetHandleVerifier [0x01390B97+2279047]
	GetHandleVerifier [0x011E6D09+534521]
	GetHandleVerifier [0x011E5DB9+530601]
	Ordinal0 [0x010F4FF9+2117625]
	Ordinal0 [0x010F98A8+2136232]
	Ordinal0 [0x010F99E2+2136546]
	Ordinal0 [0x01103541+2176321]
	BaseThreadInitThunk [0x7752FA29+25]
	RtlGetAppContainerNamedObjectPath [0x779C7A9E+286]
	RtlGetAppContainerNamedObjectPath [0x779C7A6E+238]
">
      <![CDATA[org.openqa.selenium.SessionNotCreatedException: session not created: This version of ChromeDriver only supports Chrome version 96
Current browser version is 98.0.4758.102 with binary path C:\Program Files (x86)\Google\Chrome\Application\chrome.exe
Build info: version: '3.141.59', revision: 'e82be7d358', time: '2018-11-14T08:17:03'
System info: host: 'LAPTOP-T03VUTLP', ip: '192.168.43.22', os.name: 'Windows 10', os.arch: 'amd64', os.version: '10.0', java.version: '1.8.0_271'
Driver info: driver.version: ChromeDriver
remote stacktrace: Backtrace:
Ordinal0 [0x01156903+2517251]
Ordinal0 [0x010EF8E1+2095329]
Ordinal0 [0x00FF2848+1058888]
Ordinal0 [0x01010B9D+1182621]
Ordinal0 [0x0100CA60+1165920]
Ordinal0 [0x0100A2CF+1155791]
Ordinal0 [0x0103AAAF+1354415]
Ordinal0 [0x0103A71A+1353498]
Ordinal0 [0x0103639B+1336219]
Ordinal0 [0x010127A7+1189799]
Ordinal0 [0x01013609+1193481]
GetHandleVerifier [0x012E5904+1577972]
GetHandleVerifier [0x01390B97+2279047]
GetHandleVerifier [0x011E6D09+534521]
GetHandleVerifier [0x011E5DB9+530601]
Ordinal0 [0x010F4FF9+2117625]
Ordinal0 [0x010F98A8+2136232]
Ordinal0 [0x010F99E2+2136546]
Ordinal0 [0x01103541+2176321]
BaseThreadInitThunk [0x7752FA29+25]
RtlGetAppContainerNamedObjectPath [0x779C7A9E+286]
RtlGetAppContainerNamedObjectPath [0x779C7A6E+238]

at org.openqa.selenium.remote.W3CHandshakeResponse.lambda$errorHandler$0(W3CHandshakeResponse.java:62)
at org.openqa.selenium.remote.HandshakeResponse.lambda$getResponseFunction$0(HandshakeResponse.java:30)
at org.openqa.selenium.remote.ProtocolHandshake.lambda$createSession$0(ProtocolHandshake.java:126)
at java.util.stream.ReferencePipeline$3$1.accept(ReferencePipeline.java:193)
at java.util.Spliterators$ArraySpliterator.tryAdvance(Spliterators.java:958)
at java.util.stream.ReferencePipeline.forEachWithCancel(ReferencePipeline.java:126)
at java.util.stream.AbstractPipeline.copyIntoWithCancel(AbstractPipeline.java:499)
at java.util.stream.AbstractPipeline.copyInto(AbstractPipeline.java:486)
at java.util.stream.AbstractPipeline.wrapAndCopyInto(AbstractPipeline.java:472)
at java.util.stream.FindOps$FindOp.evaluateSequential(FindOps.java:152)
at java.util.stream.AbstractPipeline.evaluate(AbstractPipeline.java:234)
at java.util.stream.ReferencePipeline.findFirst(ReferencePipeline.java:464)
at org.openqa.selenium.remote.ProtocolHandshake.createSession(ProtocolHandshake.java:128)
at org.openqa.selenium.remote.ProtocolHandshake.createSession(ProtocolHandshake.java:74)
at org.openqa.selenium.remote.HttpCommandExecutor.execute(HttpCommandExecutor.java:136)
at org.openqa.selenium.remote.service.DriverCommandExecutor.execute(DriverCommandExecutor.java:83)
at org.openqa.selenium.remote.RemoteWebDriver.execute(RemoteWebDriver.java:552)
at org.openqa.selenium.remote.RemoteWebDriver.startSession(RemoteWebDriver.java:213)
at org.openqa.selenium.remote.RemoteWebDriver.<init>(RemoteWebDriver.java:131)
at org.openqa.selenium.chrome.ChromeDriver.<init>(ChromeDriver.java:181)
at org.openqa.selenium.chrome.ChromeDriver.<init>(ChromeDriver.java:168)
at org.openqa.selenium.chrome.ChromeDriver.<init>(ChromeDriver.java:123)
at com.swaglab.script.Testbase.onSetup(Testbase.java:50)
at java.util.concurrent.FutureTask.run(FutureTask.java:266)
at java.util.concurrent.ThreadPoolExecutor.runWorker(ThreadPoolExecutor.java:1149)
at java.util.concurrent.ThreadPoolExecutor$Worker.run(ThreadPoolExecutor.java:624)
at java.lang.Thread.run(Thread.java:748)
... Removed 19 stack frames]]>
    </failure>
  </testcase> <!-- @BeforeTest onSetup -->
  <testcase name="@BeforeTest onSetup" time="4.083" classname="com.swaglab.script.Testbase">
    <failure type="org.openqa.selenium.SessionNotCreatedException" message="session not created: This version of ChromeDriver only supports Chrome version 96
Current browser version is 98.0.4758.102 with binary path C:\Program Files (x86)\Google\Chrome\Application\chrome.exe
Build info: version: &amp;apos;3.141.59&amp;apos;, revision: &amp;apos;e82be7d358&amp;apos;, time: &amp;apos;2018-11-14T08:17:03&amp;apos;
System info: host: &amp;apos;LAPTOP-T03VUTLP&amp;apos;, ip: &amp;apos;192.168.43.22&amp;apos;, os.name: &amp;apos;Windows 10&amp;apos;, os.arch: &amp;apos;amd64&amp;apos;, os.version: &amp;apos;10.0&amp;apos;, java.version: &amp;apos;1.8.0_271&amp;apos;
Driver info: driver.version: ChromeDriver
remote stacktrace: Backtrace:
	Ordinal0 [0x01156903+2517251]
	Ordinal0 [0x010EF8E1+2095329]
	Ordinal0 [0x00FF2848+1058888]
	Ordinal0 [0x01010B9D+1182621]
	Ordinal0 [0x0100CA60+1165920]
	Ordinal0 [0x0100A2CF+1155791]
	Ordinal0 [0x0103AAAF+1354415]
	Ordinal0 [0x0103A71A+1353498]
	Ordinal0 [0x0103639B+1336219]
	Ordinal0 [0x010127A7+1189799]
	Ordinal0 [0x01013609+1193481]
	GetHandleVerifier [0x012E5904+1577972]
	GetHandleVerifier [0x01390B97+2279047]
	GetHandleVerifier [0x011E6D09+534521]
	GetHandleVerifier [0x011E5DB9+530601]
	Ordinal0 [0x010F4FF9+2117625]
	Ordinal0 [0x010F98A8+2136232]
	Ordinal0 [0x010F99E2+2136546]
	Ordinal0 [0x01103541+2176321]
	BaseThreadInitThunk [0x7752FA29+25]
	RtlGetAppContainerNamedObjectPath [0x779C7A9E+286]
	RtlGetAppContainerNamedObjectPath [0x779C7A6E+238]
">
      <![CDATA[org.openqa.selenium.SessionNotCreatedException: session not created: This version of ChromeDriver only supports Chrome version 96
Current browser version is 98.0.4758.102 with binary path C:\Program Files (x86)\Google\Chrome\Application\chrome.exe
Build info: version: '3.141.59', revision: 'e82be7d358', time: '2018-11-14T08:17:03'
System info: host: 'LAPTOP-T03VUTLP', ip: '192.168.43.22', os.name: 'Windows 10', os.arch: 'amd64', os.version: '10.0', java.version: '1.8.0_271'
Driver info: driver.version: ChromeDriver
remote stacktrace: Backtrace:
Ordinal0 [0x01156903+2517251]
Ordinal0 [0x010EF8E1+2095329]
Ordinal0 [0x00FF2848+1058888]
Ordinal0 [0x01010B9D+1182621]
Ordinal0 [0x0100CA60+1165920]
Ordinal0 [0x0100A2CF+1155791]
Ordinal0 [0x0103AAAF+1354415]
Ordinal0 [0x0103A71A+1353498]
Ordinal0 [0x0103639B+1336219]
Ordinal0 [0x010127A7+1189799]
Ordinal0 [0x01013609+1193481]
GetHandleVerifier [0x012E5904+1577972]
GetHandleVerifier [0x01390B97+2279047]
GetHandleVerifier [0x011E6D09+534521]
GetHandleVerifier [0x011E5DB9+530601]
Ordinal0 [0x010F4FF9+2117625]
Ordinal0 [0x010F98A8+2136232]
Ordinal0 [0x010F99E2+2136546]
Ordinal0 [0x01103541+2176321]
BaseThreadInitThunk [0x7752FA29+25]
RtlGetAppContainerNamedObjectPath [0x779C7A9E+286]
RtlGetAppContainerNamedObjectPath [0x779C7A6E+238]

at org.openqa.selenium.remote.W3CHandshakeResponse.lambda$errorHandler$0(W3CHandshakeResponse.java:62)
at org.openqa.selenium.remote.HandshakeResponse.lambda$getResponseFunction$0(HandshakeResponse.java:30)
at org.openqa.selenium.remote.ProtocolHandshake.lambda$createSession$0(ProtocolHandshake.java:126)
at java.util.stream.ReferencePipeline$3$1.accept(ReferencePipeline.java:193)
at java.util.Spliterators$ArraySpliterator.tryAdvance(Spliterators.java:958)
at java.util.stream.ReferencePipeline.forEachWithCancel(ReferencePipeline.java:126)
at java.util.stream.AbstractPipeline.copyIntoWithCancel(AbstractPipeline.java:499)
at java.util.stream.AbstractPipeline.copyInto(AbstractPipeline.java:486)
at java.util.stream.AbstractPipeline.wrapAndCopyInto(AbstractPipeline.java:472)
at java.util.stream.FindOps$FindOp.evaluateSequential(FindOps.java:152)
at java.util.stream.AbstractPipeline.evaluate(AbstractPipeline.java:234)
at java.util.stream.ReferencePipeline.findFirst(ReferencePipeline.java:464)
at org.openqa.selenium.remote.ProtocolHandshake.createSession(ProtocolHandshake.java:128)
at org.openqa.selenium.remote.ProtocolHandshake.createSession(ProtocolHandshake.java:74)
at org.openqa.selenium.remote.HttpCommandExecutor.execute(HttpCommandExecutor.java:136)
at org.openqa.selenium.remote.service.DriverCommandExecutor.execute(DriverCommandExecutor.java:83)
at org.openqa.selenium.remote.RemoteWebDriver.execute(RemoteWebDriver.java:552)
at org.openqa.selenium.remote.RemoteWebDriver.startSession(RemoteWebDriver.java:213)
at org.openqa.selenium.remote.RemoteWebDriver.<init>(RemoteWebDriver.java:131)
at org.openqa.selenium.chrome.ChromeDriver.<init>(ChromeDriver.java:181)
at org.openqa.selenium.chrome.ChromeDriver.<init>(ChromeDriver.java:168)
at org.openqa.selenium.chrome.ChromeDriver.<init>(ChromeDriver.java:123)
at com.swaglab.script.Testbase.onSetup(Testbase.java:50)
at java.util.concurrent.FutureTask.run(FutureTask.java:266)
at java.util.concurrent.ThreadPoolExecutor.runWorker(ThreadPoolExecutor.java:1149)
at java.util.concurrent.ThreadPoolExecutor$Worker.run(ThreadPoolExecutor.java:624)
at java.lang.Thread.run(Thread.java:748)
... Removed 19 stack frames]]>
    </failure>
  </testcase> <!-- @BeforeTest onSetup -->
  <testcase name="@AfterMethod tearDown" time="-1.646128855631E9" classname="com.swaglab.script.Testbase">
    <skipped/>
  </testcase> <!-- @AfterMethod tearDown -->
  <testcase name="@AfterMethod tearDown" time="-1.646128855635E9" classname="com.swaglab.script.Testbase">
    <skipped/>
  </testcase> <!-- @AfterMethod tearDown -->
  <testcase name="verifyValidLogin" time="0.0" classname="com.swaglab.script.Testclass">
    <skipped/>
  </testcase> <!-- verifyValidLogin -->
</testsuite> <!-- Regression -->
