<?xml version="1.0" encoding="UTF-8"?>
<!-- Generated by org.testng.reporters.JUnitXMLReporter -->
<testsuite hostname="LAPTOP-T03VUTLP" ignored="0" name="Test(failed)" tests="1" failures="1" timestamp="2022-01-31T21:19:28 IST" time="10.661" errors="0">
  <testcase name="verifyValidLogin" time="0.987" classname="com.swaglab.script.Testclass">
    <failure type="java.lang.AssertionError" message="expected [Swag Labs] but found [Swag Labs1]">
      <![CDATA[java.lang.AssertionError: expected [Swag Labs] but found [Swag Labs1]
at com.swaglab.script.Testclass.verifyValidLogin(Testclass.java:27)
at java.util.ArrayList.forEach(ArrayList.java:1259)
... Removed 33 stack frames]]>
    </failure>
  </testcase> <!-- verifyValidLogin -->
</testsuite> <!-- Test(failed) -->
