<?xml version="1.0" encoding="UTF-8"?>
<testng-results skipped="2" failed="0" ignored="0" total="2" passed="0">
  <reporter-output>
  </reporter-output>
  <suite name="Suite" duration-ms="4112" started-at="2022-03-01T15:30:51 IST" finished-at="2022-03-01T15:30:55 IST">
    <groups>
    </groups>
    <test name="Sanity" duration-ms="4112" started-at="2022-03-01T15:30:51 IST" finished-at="2022-03-01T15:30:55 IST">
      <class name="com.swaglab.script.Testclass">
        <test-method status="FAIL" signature="onSetup(java.lang.String)[pri:0, instance:com.swaglab.script.Testclass@1176dcec]" name="onSetup" is-config="true" duration-ms="4033" started-at="2022-03-01T15:30:51 IST" finished-at="2022-03-01T15:30:55 IST">
          <params>
            <param index="0">
              <value>
                <![CDATA[chrome]]>
              </value>
            </param>
          </params>
          <exception class="org.openqa.selenium.SessionNotCreatedException">
            <message>
              <![CDATA[session not created: This version of ChromeDriver only supports Chrome version 96
Current browser version is 98.0.4758.102 with binary path C:\Program Files (x86)\Google\Chrome\Application\chrome.exe
Build info: version: '3.141.59', revision: 'e82be7d358', time: '2018-11-14T08:17:03'
System info: host: 'LAPTOP-T03VUTLP', ip: '192.168.43.22', os.name: 'Windows 10', os.arch: 'amd64', os.version: '10.0', java.version: '1.8.0_271'
Driver info: driver.version: ChromeDriver
remote stacktrace: Backtrace:
Ordinal0 [0x01156903+2517251]
Ordinal0 [0x010EF8E1+2095329]
Ordinal0 [0x00FF2848+1058888]
Ordinal0 [0x01010B9D+1182621]
Ordinal0 [0x0100CA60+1165920]
Ordinal0 [0x0100A2CF+1155791]
Ordinal0 [0x0103AAAF+1354415]
Ordinal0 [0x0103A71A+1353498]
Ordinal0 [0x0103639B+1336219]
Ordinal0 [0x010127A7+1189799]
Ordinal0 [0x01013609+1193481]
GetHandleVerifier [0x012E5904+1577972]
GetHandleVerifier [0x01390B97+2279047]
GetHandleVerifier [0x011E6D09+534521]
GetHandleVerifier [0x011E5DB9+530601]
Ordinal0 [0x010F4FF9+2117625]
Ordinal0 [0x010F98A8+2136232]
Ordinal0 [0x010F99E2+2136546]
Ordinal0 [0x01103541+2176321]
BaseThreadInitThunk [0x7752FA29+25]
RtlGetAppContainerNamedObjectPath [0x779C7A9E+286]
RtlGetAppContainerNamedObjectPath [0x779C7A6E+238]
]]>
            </message>
            <full-stacktrace>
              <![CDATA[org.openqa.selenium.SessionNotCreatedException: session not created: This version of ChromeDriver only supports Chrome version 96
Current browser version is 98.0.4758.102 with binary path C:\Program Files (x86)\Google\Chrome\Application\chrome.exe
Build info: version: '3.141.59', revision: 'e82be7d358', time: '2018-11-14T08:17:03'
System info: host: 'LAPTOP-T03VUTLP', ip: '192.168.43.22', os.name: 'Windows 10', os.arch: 'amd64', os.version: '10.0', java.version: '1.8.0_271'
Driver info: driver.version: ChromeDriver
remote stacktrace: Backtrace:
Ordinal0 [0x01156903+2517251]
Ordinal0 [0x010EF8E1+2095329]
Ordinal0 [0x00FF2848+1058888]
Ordinal0 [0x01010B9D+1182621]
Ordinal0 [0x0100CA60+1165920]
Ordinal0 [0x0100A2CF+1155791]
Ordinal0 [0x0103AAAF+1354415]
Ordinal0 [0x0103A71A+1353498]
Ordinal0 [0x0103639B+1336219]
Ordinal0 [0x010127A7+1189799]
Ordinal0 [0x01013609+1193481]
GetHandleVerifier [0x012E5904+1577972]
GetHandleVerifier [0x01390B97+2279047]
GetHandleVerifier [0x011E6D09+534521]
GetHandleVerifier [0x011E5DB9+530601]
Ordinal0 [0x010F4FF9+2117625]
Ordinal0 [0x010F98A8+2136232]
Ordinal0 [0x010F99E2+2136546]
Ordinal0 [0x01103541+2176321]
BaseThreadInitThunk [0x7752FA29+25]
RtlGetAppContainerNamedObjectPath [0x779C7A9E+286]
RtlGetAppContainerNamedObjectPath [0x779C7A6E+238]

at sun.reflect.NativeConstructorAccessorImpl.newInstance0(Native Method)
at sun.reflect.NativeConstructorAccessorImpl.newInstance(NativeConstructorAccessorImpl.java:62)
at sun.reflect.DelegatingConstructorAccessorImpl.newInstance(DelegatingConstructorAccessorImpl.java:45)
at java.lang.reflect.Constructor.newInstance(Constructor.java:423)
at org.openqa.selenium.remote.W3CHandshakeResponse.lambda$errorHandler$0(W3CHandshakeResponse.java:62)
at org.openqa.selenium.remote.HandshakeResponse.lambda$getResponseFunction$0(HandshakeResponse.java:30)
at org.openqa.selenium.remote.ProtocolHandshake.lambda$createSession$0(ProtocolHandshake.java:126)
at java.util.stream.ReferencePipeline$3$1.accept(ReferencePipeline.java:193)
at java.util.Spliterators$ArraySpliterator.tryAdvance(Spliterators.java:958)
at java.util.stream.ReferencePipeline.forEachWithCancel(ReferencePipeline.java:126)
at java.util.stream.AbstractPipeline.copyIntoWithCancel(AbstractPipeline.java:499)
at java.util.stream.AbstractPipeline.copyInto(AbstractPipeline.java:486)
at java.util.stream.AbstractPipeline.wrapAndCopyInto(AbstractPipeline.java:472)
at java.util.stream.FindOps$FindOp.evaluateSequential(FindOps.java:152)
at java.util.stream.AbstractPipeline.evaluate(AbstractPipeline.java:234)
at java.util.stream.ReferencePipeline.findFirst(ReferencePipeline.java:464)
at org.openqa.selenium.remote.ProtocolHandshake.createSession(ProtocolHandshake.java:128)
at org.openqa.selenium.remote.ProtocolHandshake.createSession(ProtocolHandshake.java:74)
at org.openqa.selenium.remote.HttpCommandExecutor.execute(HttpCommandExecutor.java:136)
at org.openqa.selenium.remote.service.DriverCommandExecutor.execute(DriverCommandExecutor.java:83)
at org.openqa.selenium.remote.RemoteWebDriver.execute(RemoteWebDriver.java:552)
at org.openqa.selenium.remote.RemoteWebDriver.startSession(RemoteWebDriver.java:213)
at org.openqa.selenium.remote.RemoteWebDriver.<init>(RemoteWebDriver.java:131)
at org.openqa.selenium.chrome.ChromeDriver.<init>(ChromeDriver.java:181)
at org.openqa.selenium.chrome.ChromeDriver.<init>(ChromeDriver.java:168)
at org.openqa.selenium.chrome.ChromeDriver.<init>(ChromeDriver.java:123)
at com.swaglab.script.Testbase.onSetup(Testbase.java:50)
at sun.reflect.NativeMethodAccessorImpl.invoke0(Native Method)
at sun.reflect.NativeMethodAccessorImpl.invoke(NativeMethodAccessorImpl.java:62)
at sun.reflect.DelegatingMethodAccessorImpl.invoke(DelegatingMethodAccessorImpl.java:43)
at java.lang.reflect.Method.invoke(Method.java:498)
at org.testng.internal.MethodInvocationHelper.invokeMethod(MethodInvocationHelper.java:133)
at org.testng.internal.MethodInvocationHelper.invokeMethodConsideringTimeout(MethodInvocationHelper.java:62)
at org.testng.internal.ConfigInvoker.invokeConfigurationMethod(ConfigInvoker.java:385)
at org.testng.internal.ConfigInvoker.invokeConfigurations(ConfigInvoker.java:321)
at org.testng.TestRunner.invokeTestConfigurations(TestRunner.java:637)
at org.testng.TestRunner.beforeRun(TestRunner.java:627)
at org.testng.TestRunner.run(TestRunner.java:589)
at org.testng.SuiteRunner.runTest(SuiteRunner.java:377)
at org.testng.SuiteRunner.access$000(SuiteRunner.java:28)
at org.testng.SuiteRunner$SuiteWorker.run(SuiteRunner.java:418)
at org.testng.internal.thread.ThreadUtil.lambda$execute$0(ThreadUtil.java:64)
at java.util.concurrent.FutureTask.run(FutureTask.java:266)
at java.util.concurrent.ThreadPoolExecutor.runWorker(ThreadPoolExecutor.java:1149)
at java.util.concurrent.ThreadPoolExecutor$Worker.run(ThreadPoolExecutor.java:624)
at java.lang.Thread.run(Thread.java:748)
]]>
            </full-stacktrace>
          </exception> <!-- org.openqa.selenium.SessionNotCreatedException -->
          <reporter-output>
          </reporter-output>
        </test-method> <!-- onSetup -->
        <test-method status="SKIP" signature="verifyValidLogin()[pri:0, instance:com.swaglab.script.Testclass@1176dcec]" name="verifyValidLogin" duration-ms="0" started-at="2022-03-01T15:30:55 IST" finished-at="2022-03-01T15:30:55 IST">
          <exception class="org.openqa.selenium.SessionNotCreatedException">
            <message>
              <![CDATA[session not created: This version of ChromeDriver only supports Chrome version 96
Current browser version is 98.0.4758.102 with binary path C:\Program Files (x86)\Google\Chrome\Application\chrome.exe
Build info: version: '3.141.59', revision: 'e82be7d358', time: '2018-11-14T08:17:03'
System info: host: 'LAPTOP-T03VUTLP', ip: '192.168.43.22', os.name: 'Windows 10', os.arch: 'amd64', os.version: '10.0', java.version: '1.8.0_271'
Driver info: driver.version: ChromeDriver
remote stacktrace: Backtrace:
Ordinal0 [0x01156903+2517251]
Ordinal0 [0x010EF8E1+2095329]
Ordinal0 [0x00FF2848+1058888]
Ordinal0 [0x01010B9D+1182621]
Ordinal0 [0x0100CA60+1165920]
Ordinal0 [0x0100A2CF+1155791]
Ordinal0 [0x0103AAAF+1354415]
Ordinal0 [0x0103A71A+1353498]
Ordinal0 [0x0103639B+1336219]
Ordinal0 [0x010127A7+1189799]
Ordinal0 [0x01013609+1193481]
GetHandleVerifier [0x012E5904+1577972]
GetHandleVerifier [0x01390B97+2279047]
GetHandleVerifier [0x011E6D09+534521]
GetHandleVerifier [0x011E5DB9+530601]
Ordinal0 [0x010F4FF9+2117625]
Ordinal0 [0x010F98A8+2136232]
Ordinal0 [0x010F99E2+2136546]
Ordinal0 [0x01103541+2176321]
BaseThreadInitThunk [0x7752FA29+25]
RtlGetAppContainerNamedObjectPath [0x779C7A9E+286]
RtlGetAppContainerNamedObjectPath [0x779C7A6E+238]
]]>
            </message>
            <full-stacktrace>
              <![CDATA[org.openqa.selenium.SessionNotCreatedException: session not created: This version of ChromeDriver only supports Chrome version 96
Current browser version is 98.0.4758.102 with binary path C:\Program Files (x86)\Google\Chrome\Application\chrome.exe
Build info: version: '3.141.59', revision: 'e82be7d358', time: '2018-11-14T08:17:03'
System info: host: 'LAPTOP-T03VUTLP', ip: '192.168.43.22', os.name: 'Windows 10', os.arch: 'amd64', os.version: '10.0', java.version: '1.8.0_271'
Driver info: driver.version: ChromeDriver
remote stacktrace: Backtrace:
Ordinal0 [0x01156903+2517251]
Ordinal0 [0x010EF8E1+2095329]
Ordinal0 [0x00FF2848+1058888]
Ordinal0 [0x01010B9D+1182621]
Ordinal0 [0x0100CA60+1165920]
Ordinal0 [0x0100A2CF+1155791]
Ordinal0 [0x0103AAAF+1354415]
Ordinal0 [0x0103A71A+1353498]
Ordinal0 [0x0103639B+1336219]
Ordinal0 [0x010127A7+1189799]
Ordinal0 [0x01013609+1193481]
GetHandleVerifier [0x012E5904+1577972]
GetHandleVerifier [0x01390B97+2279047]
GetHandleVerifier [0x011E6D09+534521]
GetHandleVerifier [0x011E5DB9+530601]
Ordinal0 [0x010F4FF9+2117625]
Ordinal0 [0x010F98A8+2136232]
Ordinal0 [0x010F99E2+2136546]
Ordinal0 [0x01103541+2176321]
BaseThreadInitThunk [0x7752FA29+25]
RtlGetAppContainerNamedObjectPath [0x779C7A9E+286]
RtlGetAppContainerNamedObjectPath [0x779C7A6E+238]

at sun.reflect.NativeConstructorAccessorImpl.newInstance0(Native Method)
at sun.reflect.NativeConstructorAccessorImpl.newInstance(NativeConstructorAccessorImpl.java:62)
at sun.reflect.DelegatingConstructorAccessorImpl.newInstance(DelegatingConstructorAccessorImpl.java:45)
at java.lang.reflect.Constructor.newInstance(Constructor.java:423)
at org.openqa.selenium.remote.W3CHandshakeResponse.lambda$errorHandler$0(W3CHandshakeResponse.java:62)
at org.openqa.selenium.remote.HandshakeResponse.lambda$getResponseFunction$0(HandshakeResponse.java:30)
at org.openqa.selenium.remote.ProtocolHandshake.lambda$createSession$0(ProtocolHandshake.java:126)
at java.util.stream.ReferencePipeline$3$1.accept(ReferencePipeline.java:193)
at java.util.Spliterators$ArraySpliterator.tryAdvance(Spliterators.java:958)
at java.util.stream.ReferencePipeline.forEachWithCancel(ReferencePipeline.java:126)
at java.util.stream.AbstractPipeline.copyIntoWithCancel(AbstractPipeline.java:499)
at java.util.stream.AbstractPipeline.copyInto(AbstractPipeline.java:486)
at java.util.stream.AbstractPipeline.wrapAndCopyInto(AbstractPipeline.java:472)
at java.util.stream.FindOps$FindOp.evaluateSequential(FindOps.java:152)
at java.util.stream.AbstractPipeline.evaluate(AbstractPipeline.java:234)
at java.util.stream.ReferencePipeline.findFirst(ReferencePipeline.java:464)
at org.openqa.selenium.remote.ProtocolHandshake.createSession(ProtocolHandshake.java:128)
at org.openqa.selenium.remote.ProtocolHandshake.createSession(ProtocolHandshake.java:74)
at org.openqa.selenium.remote.HttpCommandExecutor.execute(HttpCommandExecutor.java:136)
at org.openqa.selenium.remote.service.DriverCommandExecutor.execute(DriverCommandExecutor.java:83)
at org.openqa.selenium.remote.RemoteWebDriver.execute(RemoteWebDriver.java:552)
at org.openqa.selenium.remote.RemoteWebDriver.startSession(RemoteWebDriver.java:213)
at org.openqa.selenium.remote.RemoteWebDriver.<init>(RemoteWebDriver.java:131)
at org.openqa.selenium.chrome.ChromeDriver.<init>(ChromeDriver.java:181)
at org.openqa.selenium.chrome.ChromeDriver.<init>(ChromeDriver.java:168)
at org.openqa.selenium.chrome.ChromeDriver.<init>(ChromeDriver.java:123)
at com.swaglab.script.Testbase.onSetup(Testbase.java:50)
at sun.reflect.NativeMethodAccessorImpl.invoke0(Native Method)
at sun.reflect.NativeMethodAccessorImpl.invoke(NativeMethodAccessorImpl.java:62)
at sun.reflect.DelegatingMethodAccessorImpl.invoke(DelegatingMethodAccessorImpl.java:43)
at java.lang.reflect.Method.invoke(Method.java:498)
at org.testng.internal.MethodInvocationHelper.invokeMethod(MethodInvocationHelper.java:133)
at org.testng.internal.MethodInvocationHelper.invokeMethodConsideringTimeout(MethodInvocationHelper.java:62)
at org.testng.internal.ConfigInvoker.invokeConfigurationMethod(ConfigInvoker.java:385)
at org.testng.internal.ConfigInvoker.invokeConfigurations(ConfigInvoker.java:321)
at org.testng.TestRunner.invokeTestConfigurations(TestRunner.java:637)
at org.testng.TestRunner.beforeRun(TestRunner.java:627)
at org.testng.TestRunner.run(TestRunner.java:589)
at org.testng.SuiteRunner.runTest(SuiteRunner.java:377)
at org.testng.SuiteRunner.access$000(SuiteRunner.java:28)
at org.testng.SuiteRunner$SuiteWorker.run(SuiteRunner.java:418)
at org.testng.internal.thread.ThreadUtil.lambda$execute$0(ThreadUtil.java:64)
at java.util.concurrent.FutureTask.run(FutureTask.java:266)
at java.util.concurrent.ThreadPoolExecutor.runWorker(ThreadPoolExecutor.java:1149)
at java.util.concurrent.ThreadPoolExecutor$Worker.run(ThreadPoolExecutor.java:624)
at java.lang.Thread.run(Thread.java:748)
]]>
            </full-stacktrace>
          </exception> <!-- org.openqa.selenium.SessionNotCreatedException -->
          <reporter-output>
          </reporter-output>
        </test-method> <!-- verifyValidLogin -->
        <test-method status="SKIP" signature="tearDown(org.testng.ITestResult)[pri:0, instance:com.swaglab.script.Testclass@1176dcec]" name="tearDown" is-config="true" duration-ms="-1646128855635" started-at="2022-03-01T15:30:55 IST" finished-at="1970-01-01T05:30:00 IST">
          <reporter-output>
          </reporter-output>
        </test-method> <!-- tearDown -->
      </class> <!-- com.swaglab.script.Testclass -->
    </test> <!-- Sanity -->
    <test name="Regression" duration-ms="4112" started-at="2022-03-01T15:30:51 IST" finished-at="2022-03-01T15:30:55 IST">
      <class name="com.swaglab.script.Testclass">
        <test-method status="FAIL" signature="onSetup(java.lang.String)[pri:0, instance:com.swaglab.script.Testclass@2df32bf7]" name="onSetup" is-config="true" duration-ms="4083" started-at="2022-03-01T15:30:51 IST" finished-at="2022-03-01T15:30:55 IST">
          <params>
            <param index="0">
              <value>
                <![CDATA[chrome]]>
              </value>
            </param>
          </params>
          <exception class="org.openqa.selenium.SessionNotCreatedException">
            <message>
              <![CDATA[session not created: This version of ChromeDriver only supports Chrome version 96
Current browser version is 98.0.4758.102 with binary path C:\Program Files (x86)\Google\Chrome\Application\chrome.exe
Build info: version: '3.141.59', revision: 'e82be7d358', time: '2018-11-14T08:17:03'
System info: host: 'LAPTOP-T03VUTLP', ip: '192.168.43.22', os.name: 'Windows 10', os.arch: 'amd64', os.version: '10.0', java.version: '1.8.0_271'
Driver info: driver.version: ChromeDriver
remote stacktrace: Backtrace:
Ordinal0 [0x01156903+2517251]
Ordinal0 [0x010EF8E1+2095329]
Ordinal0 [0x00FF2848+1058888]
Ordinal0 [0x01010B9D+1182621]
Ordinal0 [0x0100CA60+1165920]
Ordinal0 [0x0100A2CF+1155791]
Ordinal0 [0x0103AAAF+1354415]
Ordinal0 [0x0103A71A+1353498]
Ordinal0 [0x0103639B+1336219]
Ordinal0 [0x010127A7+1189799]
Ordinal0 [0x01013609+1193481]
GetHandleVerifier [0x012E5904+1577972]
GetHandleVerifier [0x01390B97+2279047]
GetHandleVerifier [0x011E6D09+534521]
GetHandleVerifier [0x011E5DB9+530601]
Ordinal0 [0x010F4FF9+2117625]
Ordinal0 [0x010F98A8+2136232]
Ordinal0 [0x010F99E2+2136546]
Ordinal0 [0x01103541+2176321]
BaseThreadInitThunk [0x7752FA29+25]
RtlGetAppContainerNamedObjectPath [0x779C7A9E+286]
RtlGetAppContainerNamedObjectPath [0x779C7A6E+238]
]]>
            </message>
            <full-stacktrace>
              <![CDATA[org.openqa.selenium.SessionNotCreatedException: session not created: This version of ChromeDriver only supports Chrome version 96
Current browser version is 98.0.4758.102 with binary path C:\Program Files (x86)\Google\Chrome\Application\chrome.exe
Build info: version: '3.141.59', revision: 'e82be7d358', time: '2018-11-14T08:17:03'
System info: host: 'LAPTOP-T03VUTLP', ip: '192.168.43.22', os.name: 'Windows 10', os.arch: 'amd64', os.version: '10.0', java.version: '1.8.0_271'
Driver info: driver.version: ChromeDriver
remote stacktrace: Backtrace:
Ordinal0 [0x01156903+2517251]
Ordinal0 [0x010EF8E1+2095329]
Ordinal0 [0x00FF2848+1058888]
Ordinal0 [0x01010B9D+1182621]
Ordinal0 [0x0100CA60+1165920]
Ordinal0 [0x0100A2CF+1155791]
Ordinal0 [0x0103AAAF+1354415]
Ordinal0 [0x0103A71A+1353498]
Ordinal0 [0x0103639B+1336219]
Ordinal0 [0x010127A7+1189799]
Ordinal0 [0x01013609+1193481]
GetHandleVerifier [0x012E5904+1577972]
GetHandleVerifier [0x01390B97+2279047]
GetHandleVerifier [0x011E6D09+534521]
GetHandleVerifier [0x011E5DB9+530601]
Ordinal0 [0x010F4FF9+2117625]
Ordinal0 [0x010F98A8+2136232]
Ordinal0 [0x010F99E2+2136546]
Ordinal0 [0x01103541+2176321]
BaseThreadInitThunk [0x7752FA29+25]
RtlGetAppContainerNamedObjectPath [0x779C7A9E+286]
RtlGetAppContainerNamedObjectPath [0x779C7A6E+238]

at sun.reflect.NativeConstructorAccessorImpl.newInstance0(Native Method)
at sun.reflect.NativeConstructorAccessorImpl.newInstance(NativeConstructorAccessorImpl.java:62)
at sun.reflect.DelegatingConstructorAccessorImpl.newInstance(DelegatingConstructorAccessorImpl.java:45)
at java.lang.reflect.Constructor.newInstance(Constructor.java:423)
at org.openqa.selenium.remote.W3CHandshakeResponse.lambda$errorHandler$0(W3CHandshakeResponse.java:62)
at org.openqa.selenium.remote.HandshakeResponse.lambda$getResponseFunction$0(HandshakeResponse.java:30)
at org.openqa.selenium.remote.ProtocolHandshake.lambda$createSession$0(ProtocolHandshake.java:126)
at java.util.stream.ReferencePipeline$3$1.accept(ReferencePipeline.java:193)
at java.util.Spliterators$ArraySpliterator.tryAdvance(Spliterators.java:958)
at java.util.stream.ReferencePipeline.forEachWithCancel(ReferencePipeline.java:126)
at java.util.stream.AbstractPipeline.copyIntoWithCancel(AbstractPipeline.java:499)
at java.util.stream.AbstractPipeline.copyInto(AbstractPipeline.java:486)
at java.util.stream.AbstractPipeline.wrapAndCopyInto(AbstractPipeline.java:472)
at java.util.stream.FindOps$FindOp.evaluateSequential(FindOps.java:152)
at java.util.stream.AbstractPipeline.evaluate(AbstractPipeline.java:234)
at java.util.stream.ReferencePipeline.findFirst(ReferencePipeline.java:464)
at org.openqa.selenium.remote.ProtocolHandshake.createSession(ProtocolHandshake.java:128)
at org.openqa.selenium.remote.ProtocolHandshake.createSession(ProtocolHandshake.java:74)
at org.openqa.selenium.remote.HttpCommandExecutor.execute(HttpCommandExecutor.java:136)
at org.openqa.selenium.remote.service.DriverCommandExecutor.execute(DriverCommandExecutor.java:83)
at org.openqa.selenium.remote.RemoteWebDriver.execute(RemoteWebDriver.java:552)
at org.openqa.selenium.remote.RemoteWebDriver.startSession(RemoteWebDriver.java:213)
at org.openqa.selenium.remote.RemoteWebDriver.<init>(RemoteWebDriver.java:131)
at org.openqa.selenium.chrome.ChromeDriver.<init>(ChromeDriver.java:181)
at org.openqa.selenium.chrome.ChromeDriver.<init>(ChromeDriver.java:168)
at org.openqa.selenium.chrome.ChromeDriver.<init>(ChromeDriver.java:123)
at com.swaglab.script.Testbase.onSetup(Testbase.java:50)
at sun.reflect.NativeMethodAccessorImpl.invoke0(Native Method)
at sun.reflect.NativeMethodAccessorImpl.invoke(NativeMethodAccessorImpl.java:62)
at sun.reflect.DelegatingMethodAccessorImpl.invoke(DelegatingMethodAccessorImpl.java:43)
at java.lang.reflect.Method.invoke(Method.java:498)
at org.testng.internal.MethodInvocationHelper.invokeMethod(MethodInvocationHelper.java:133)
at org.testng.internal.MethodInvocationHelper.invokeMethodConsideringTimeout(MethodInvocationHelper.java:62)
at org.testng.internal.ConfigInvoker.invokeConfigurationMethod(ConfigInvoker.java:385)
at org.testng.internal.ConfigInvoker.invokeConfigurations(ConfigInvoker.java:321)
at org.testng.TestRunner.invokeTestConfigurations(TestRunner.java:637)
at org.testng.TestRunner.beforeRun(TestRunner.java:627)
at org.testng.TestRunner.run(TestRunner.java:589)
at org.testng.SuiteRunner.runTest(SuiteRunner.java:377)
at org.testng.SuiteRunner.access$000(SuiteRunner.java:28)
at org.testng.SuiteRunner$SuiteWorker.run(SuiteRunner.java:418)
at org.testng.internal.thread.ThreadUtil.lambda$execute$0(ThreadUtil.java:64)
at java.util.concurrent.FutureTask.run(FutureTask.java:266)
at java.util.concurrent.ThreadPoolExecutor.runWorker(ThreadPoolExecutor.java:1149)
at java.util.concurrent.ThreadPoolExecutor$Worker.run(ThreadPoolExecutor.java:624)
at java.lang.Thread.run(Thread.java:748)
]]>
            </full-stacktrace>
          </exception> <!-- org.openqa.selenium.SessionNotCreatedException -->
          <reporter-output>
          </reporter-output>
        </test-method> <!-- onSetup -->
        <test-method status="SKIP" signature="verifyValidLogin()[pri:0, instance:com.swaglab.script.Testclass@2df32bf7]" name="verifyValidLogin" duration-ms="0" started-at="2022-03-01T15:30:55 IST" finished-at="2022-03-01T15:30:55 IST">
          <exception class="org.openqa.selenium.SessionNotCreatedException">
            <message>
              <![CDATA[session not created: This version of ChromeDriver only supports Chrome version 96
Current browser version is 98.0.4758.102 with binary path C:\Program Files (x86)\Google\Chrome\Application\chrome.exe
Build info: version: '3.141.59', revision: 'e82be7d358', time: '2018-11-14T08:17:03'
System info: host: 'LAPTOP-T03VUTLP', ip: '192.168.43.22', os.name: 'Windows 10', os.arch: 'amd64', os.version: '10.0', java.version: '1.8.0_271'
Driver info: driver.version: ChromeDriver
remote stacktrace: Backtrace:
Ordinal0 [0x01156903+2517251]
Ordinal0 [0x010EF8E1+2095329]
Ordinal0 [0x00FF2848+1058888]
Ordinal0 [0x01010B9D+1182621]
Ordinal0 [0x0100CA60+1165920]
Ordinal0 [0x0100A2CF+1155791]
Ordinal0 [0x0103AAAF+1354415]
Ordinal0 [0x0103A71A+1353498]
Ordinal0 [0x0103639B+1336219]
Ordinal0 [0x010127A7+1189799]
Ordinal0 [0x01013609+1193481]
GetHandleVerifier [0x012E5904+1577972]
GetHandleVerifier [0x01390B97+2279047]
GetHandleVerifier [0x011E6D09+534521]
GetHandleVerifier [0x011E5DB9+530601]
Ordinal0 [0x010F4FF9+2117625]
Ordinal0 [0x010F98A8+2136232]
Ordinal0 [0x010F99E2+2136546]
Ordinal0 [0x01103541+2176321]
BaseThreadInitThunk [0x7752FA29+25]
RtlGetAppContainerNamedObjectPath [0x779C7A9E+286]
RtlGetAppContainerNamedObjectPath [0x779C7A6E+238]
]]>
            </message>
            <full-stacktrace>
              <![CDATA[org.openqa.selenium.SessionNotCreatedException: session not created: This version of ChromeDriver only supports Chrome version 96
Current browser version is 98.0.4758.102 with binary path C:\Program Files (x86)\Google\Chrome\Application\chrome.exe
Build info: version: '3.141.59', revision: 'e82be7d358', time: '2018-11-14T08:17:03'
System info: host: 'LAPTOP-T03VUTLP', ip: '192.168.43.22', os.name: 'Windows 10', os.arch: 'amd64', os.version: '10.0', java.version: '1.8.0_271'
Driver info: driver.version: ChromeDriver
remote stacktrace: Backtrace:
Ordinal0 [0x01156903+2517251]
Ordinal0 [0x010EF8E1+2095329]
Ordinal0 [0x00FF2848+1058888]
Ordinal0 [0x01010B9D+1182621]
Ordinal0 [0x0100CA60+1165920]
Ordinal0 [0x0100A2CF+1155791]
Ordinal0 [0x0103AAAF+1354415]
Ordinal0 [0x0103A71A+1353498]
Ordinal0 [0x0103639B+1336219]
Ordinal0 [0x010127A7+1189799]
Ordinal0 [0x01013609+1193481]
GetHandleVerifier [0x012E5904+1577972]
GetHandleVerifier [0x01390B97+2279047]
GetHandleVerifier [0x011E6D09+534521]
GetHandleVerifier [0x011E5DB9+530601]
Ordinal0 [0x010F4FF9+2117625]
Ordinal0 [0x010F98A8+2136232]
Ordinal0 [0x010F99E2+2136546]
Ordinal0 [0x01103541+2176321]
BaseThreadInitThunk [0x7752FA29+25]
RtlGetAppContainerNamedObjectPath [0x779C7A9E+286]
RtlGetAppContainerNamedObjectPath [0x779C7A6E+238]

at sun.reflect.NativeConstructorAccessorImpl.newInstance0(Native Method)
at sun.reflect.NativeConstructorAccessorImpl.newInstance(NativeConstructorAccessorImpl.java:62)
at sun.reflect.DelegatingConstructorAccessorImpl.newInstance(DelegatingConstructorAccessorImpl.java:45)
at java.lang.reflect.Constructor.newInstance(Constructor.java:423)
at org.openqa.selenium.remote.W3CHandshakeResponse.lambda$errorHandler$0(W3CHandshakeResponse.java:62)
at org.openqa.selenium.remote.HandshakeResponse.lambda$getResponseFunction$0(HandshakeResponse.java:30)
at org.openqa.selenium.remote.ProtocolHandshake.lambda$createSession$0(ProtocolHandshake.java:126)
at java.util.stream.ReferencePipeline$3$1.accept(ReferencePipeline.java:193)
at java.util.Spliterators$ArraySpliterator.tryAdvance(Spliterators.java:958)
at java.util.stream.ReferencePipeline.forEachWithCancel(ReferencePipeline.java:126)
at java.util.stream.AbstractPipeline.copyIntoWithCancel(AbstractPipeline.java:499)
at java.util.stream.AbstractPipeline.copyInto(AbstractPipeline.java:486)
at java.util.stream.AbstractPipeline.wrapAndCopyInto(AbstractPipeline.java:472)
at java.util.stream.FindOps$FindOp.evaluateSequential(FindOps.java:152)
at java.util.stream.AbstractPipeline.evaluate(AbstractPipeline.java:234)
at java.util.stream.ReferencePipeline.findFirst(ReferencePipeline.java:464)
at org.openqa.selenium.remote.ProtocolHandshake.createSession(ProtocolHandshake.java:128)
at org.openqa.selenium.remote.ProtocolHandshake.createSession(ProtocolHandshake.java:74)
at org.openqa.selenium.remote.HttpCommandExecutor.execute(HttpCommandExecutor.java:136)
at org.openqa.selenium.remote.service.DriverCommandExecutor.execute(DriverCommandExecutor.java:83)
at org.openqa.selenium.remote.RemoteWebDriver.execute(RemoteWebDriver.java:552)
at org.openqa.selenium.remote.RemoteWebDriver.startSession(RemoteWebDriver.java:213)
at org.openqa.selenium.remote.RemoteWebDriver.<init>(RemoteWebDriver.java:131)
at org.openqa.selenium.chrome.ChromeDriver.<init>(ChromeDriver.java:181)
at org.openqa.selenium.chrome.ChromeDriver.<init>(ChromeDriver.java:168)
at org.openqa.selenium.chrome.ChromeDriver.<init>(ChromeDriver.java:123)
at com.swaglab.script.Testbase.onSetup(Testbase.java:50)
at sun.reflect.NativeMethodAccessorImpl.invoke0(Native Method)
at sun.reflect.NativeMethodAccessorImpl.invoke(NativeMethodAccessorImpl.java:62)
at sun.reflect.DelegatingMethodAccessorImpl.invoke(DelegatingMethodAccessorImpl.java:43)
at java.lang.reflect.Method.invoke(Method.java:498)
at org.testng.internal.MethodInvocationHelper.invokeMethod(MethodInvocationHelper.java:133)
at org.testng.internal.MethodInvocationHelper.invokeMethodConsideringTimeout(MethodInvocationHelper.java:62)
at org.testng.internal.ConfigInvoker.invokeConfigurationMethod(ConfigInvoker.java:385)
at org.testng.internal.ConfigInvoker.invokeConfigurations(ConfigInvoker.java:321)
at org.testng.TestRunner.invokeTestConfigurations(TestRunner.java:637)
at org.testng.TestRunner.beforeRun(TestRunner.java:627)
at org.testng.TestRunner.run(TestRunner.java:589)
at org.testng.SuiteRunner.runTest(SuiteRunner.java:377)
at org.testng.SuiteRunner.access$000(SuiteRunner.java:28)
at org.testng.SuiteRunner$SuiteWorker.run(SuiteRunner.java:418)
at org.testng.internal.thread.ThreadUtil.lambda$execute$0(ThreadUtil.java:64)
at java.util.concurrent.FutureTask.run(FutureTask.java:266)
at java.util.concurrent.ThreadPoolExecutor.runWorker(ThreadPoolExecutor.java:1149)
at java.util.concurrent.ThreadPoolExecutor$Worker.run(ThreadPoolExecutor.java:624)
at java.lang.Thread.run(Thread.java:748)
]]>
            </full-stacktrace>
          </exception> <!-- org.openqa.selenium.SessionNotCreatedException -->
          <reporter-output>
          </reporter-output>
        </test-method> <!-- verifyValidLogin -->
        <test-method status="SKIP" signature="tearDown(org.testng.ITestResult)[pri:0, instance:com.swaglab.script.Testclass@2df32bf7]" name="tearDown" is-config="true" duration-ms="-1646128855631" started-at="2022-03-01T15:30:55 IST" finished-at="1970-01-01T05:30:00 IST">
          <reporter-output>
          </reporter-output>
        </test-method> <!-- tearDown -->
      </class> <!-- com.swaglab.script.Testclass -->
    </test> <!-- Regression -->
  </suite> <!-- Suite -->
</testng-results>
